  magicSquare.cpp
D:\all labs\lab4\magicSquare\magicSquare.cpp(24,26): warning C4244: инициализация: преобразование "__int64" в "int", возможна потеря данных
D:\all labs\lab4\magicSquare\magicSquare.cpp(34,16): warning C4244: -=: преобразование "__int64" в "int", возможна потеря данных
D:\all labs\lab4\magicSquare\magicSquare.cpp(37,16): warning C4244: +=: преобразование "__int64" в "int", возможна потеря данных
D:\all labs\lab4\magicSquare\magicSquare.cpp(89,28): warning C4244: инициализация: преобразование "__int64" в "int", возможна потеря данных
D:\all labs\lab4\magicSquare\magicSquare.cpp(99,19): warning C4244: -=: преобразование "__int64" в "int", возможна потеря данных
D:\all labs\lab4\magicSquare\magicSquare.cpp(102,19): warning C4244: +=: преобразование "__int64" в "int", возможна потеря данных
D:\all labs\lab4\magicSquare\magicSquare.cpp(106,15): warning C4244: инициализация: преобразование "__int64" в "int", возможна потеря данных
D:\all labs\lab4\magicSquare\magicSquare.cpp(106,32): warning C4244: инициализация: преобразование "__int64" в "int", возможна потеря данных
D:\all labs\lab4\magicSquare\magicSquare.cpp(107,14): warning C4244: инициализация: преобразование "__int64" в "int", возможна потеря данных
D:\all labs\lab4\magicSquare\magicSquare.cpp(116,19): warning C4244: -=: преобразование "__int64" в "int", возможна потеря данных
D:\all labs\lab4\magicSquare\magicSquare.cpp(119,19): warning C4244: +=: преобразование "__int64" в "int", возможна потеря данных
D:\all labs\lab4\magicSquare\magicSquare.cpp(123,28): warning C4244: инициализация: преобразование "__int64" в "int", возможна потеря данных
D:\all labs\lab4\magicSquare\magicSquare.cpp(124,14): warning C4244: инициализация: преобразование "__int64" в "int", возможна потеря данных
D:\all labs\lab4\magicSquare\magicSquare.cpp(133,19): warning C4244: -=: преобразование "__int64" в "int", возможна потеря данных
D:\all labs\lab4\magicSquare\magicSquare.cpp(136,19): warning C4244: +=: преобразование "__int64" в "int", возможна потеря данных
D:\all labs\lab4\magicSquare\magicSquare.cpp(140,15): warning C4244: инициализация: преобразование "__int64" в "int", возможна потеря данных
D:\all labs\lab4\magicSquare\magicSquare.cpp(140,32): warning C4244: инициализация: преобразование "__int64" в "int", возможна потеря данных
D:\all labs\lab4\magicSquare\magicSquare.cpp(141,14): warning C4244: инициализация: преобразование "__int64" в "int", возможна потеря данных
D:\all labs\lab4\magicSquare\magicSquare.cpp(150,19): warning C4244: -=: преобразование "__int64" в "int", возможна потеря данных
D:\all labs\lab4\magicSquare\magicSquare.cpp(153,19): warning C4244: +=: преобразование "__int64" в "int", возможна потеря данных
D:\all labs\lab4\magicSquare\magicSquare.cpp(158,14): warning C4244: инициализация: преобразование "__int64" в "int", возможна потеря данных
D:\all labs\lab4\magicSquare\magicSquare.cpp(158,37): warning C4244: инициализация: преобразование "__int64" в "int", возможна потеря данных
D:\all labs\lab4\magicSquare\magicSquare.cpp(160,14): warning C4244: инициализация: преобразование "__int64" в "int", возможна потеря данных
D:\all labs\lab4\magicSquare\magicSquare.cpp(161,10): warning C4244: =: преобразование "__int64" в "int", возможна потеря данных
D:\all labs\lab4\magicSquare\magicSquare.cpp(163,26): warning C4244: =: преобразование "__int64" в "int", возможна потеря данных
D:\all labs\lab4\magicSquare\magicSquare.cpp(169,18): warning C4244: =: преобразование "__int64" в "int", возможна потеря данных
D:\all labs\lab4\magicSquare\magicSquare.cpp(169,37): warning C4244: =: преобразование "__int64" в "int", возможна потеря данных
D:\all labs\lab4\magicSquare\magicSquare.cpp(171,15): warning C4244: инициализация: преобразование "__int64" в "int", возможна потеря данных
D:\all labs\lab4\magicSquare\magicSquare.cpp(173,31): warning C4244: =: преобразование "__int64" в "int", возможна потеря данных
D:\all labs\lab4\magicSquare\magicSquare.cpp(178,20): warning C4244: инициализация: преобразование "__int64" в "int", возможна потеря данных
D:\all labs\lab4\magicSquare\magicSquare.cpp(179,9): warning C4244: =: преобразование "__int64" в "int", возможна потеря данных
D:\all labs\lab4\magicSquare\magicSquare.cpp(182,26): warning C4244: =: преобразование "__int64" в "int", возможна потеря данных
D:\all labs\lab4\magicSquare\magicSquare.cpp(189,17): warning C4244: =: преобразование "__int64" в "int", возможна потеря данных
D:\all labs\lab4\magicSquare\magicSquare.cpp(190,14): warning C4244: инициализация: преобразование "__int64" в "int", возможна потеря данных
D:\all labs\lab4\magicSquare\magicSquare.cpp(191,18): warning C4244: =: преобразование "__int64" в "int", возможна потеря данных
D:\all labs\lab4\magicSquare\magicSquare.cpp(193,26): warning C4244: =: преобразование "__int64" в "int", возможна потеря данных
  magicSquare.vcxproj -> D:\all labs\lab4\magicSquare\x64\Debug\magicSquare.exe
